<?xml version="1.0" encoding="UTF-8"?>
<!-- Generated by org.testng.reporters.JUnitReportReporter -->
<testsuite skipped="0" hostname="Preeths-MBP" name="com.yahoo.TestCases.VerfiyYahooLoginTCFinal" tests="1" failures="0" timestamp="2020-09-12T18:46:49 PDT" time="8.044" errors="0">
  <testcase name="validYahooLogin" time="8.044" classname="com.yahoo.TestCases.VerfiyYahooLoginTCFinal"/>
  <system-out/>
</testsuite> <!-- com.yahoo.TestCases.VerfiyYahooLoginTCFinal -->
