<?xml version="1.0" encoding="UTF-8"?>
<!-- Generated by org.testng.reporters.JUnitReportReporter -->
<testsuite skipped="0" hostname="Preeths-MBP" name="com.yahoo.TestCases.VerfiyYahooLoginTC2" tests="1" failures="0" timestamp="2020-09-12T18:39:44 PDT" time="8.571" errors="0">
  <testcase name="validYahooLogin" time="8.571" classname="com.yahoo.TestCases.VerfiyYahooLoginTC2"/>
  <system-out/>
</testsuite> <!-- com.yahoo.TestCases.VerfiyYahooLoginTC2 -->
